<?xml version="1.0" encoding="UTF-8"?>
<!-- Generated by org.testng.reporters.JUnitXMLReporter -->
<testsuite hostname="WUX-U518303L020" ignored="0" name="Test" tests="5" failures="0" timestamp="28 Mar 2017 07:14:09 GMT" time="17.13" errors="0">
  <testcase name="openUrl" time="5.802" classname="testng.TestTable"/>
  <testcase name="findTable" time="2.032" classname="testng.TestTable"/>
  <testcase name="printTableRowCount" time="2.066" classname="testng.TestTable"/>
  <testcase name="printTableCellData" time="2.091" classname="testng.TestTable"/>
  <testcase name="printTableCellSum" time="2.3" classname="testng.TestTable"/>
</testsuite> <!-- Test -->
