<?xml version="1.0" encoding="UTF-8"?>
<!-- Generated by org.testng.reporters.JUnitXMLReporter -->
<testsuite hostname="WUX-U518303L020" ignored="0" name="Test" tests="5" failures="0" timestamp="28 Mar 2017 07:12:38 GMT" time="16.883" errors="0">
  <testcase name="openUrl" time="5.613" classname="testng.TestTable"/>
  <testcase name="findTable" time="2.057" classname="testng.TestTable"/>
  <testcase name="printTableRowCount" time="2.084" classname="testng.TestTable"/>
  <testcase name="printTableCellData" time="2.108" classname="testng.TestTable"/>
  <testcase name="printTableCellSum" time="2.228" classname="testng.TestTable"/>
</testsuite> <!-- Test -->
