<?xml version="1.0" encoding="UTF-8"?>
<!-- Generated by org.testng.reporters.JUnitXMLReporter -->
<testsuite hostname="WUX-U518303L020" ignored="0" name="Test" tests="5" failures="0" timestamp="31 Mar 2017 07:15:47 GMT" time="17.855" errors="0">
  <testcase name="openUrl" time="5.99" classname="testng.TestTable"/>
  <testcase name="findTable" time="2.028" classname="testng.TestTable"/>
  <testcase name="printTableRowCount" time="2.067" classname="testng.TestTable"/>
  <testcase name="printTableCellData" time="2.056" classname="testng.TestTable"/>
  <testcase name="printTableCellSum" time="2.584" classname="testng.TestTable"/>
</testsuite> <!-- Test -->
