<?xml version="1.0" encoding="UTF-8"?>
<testng-results skipped="0" failed="0" ignored="0" total="5" passed="5">
  <reporter-output>
    <line>
      <![CDATA[expected row count is10, actual row count is:10]]>
    </line>
    <line>
      <![CDATA[table[2,2]——————>name3]]>
    </line>
    <line>
      <![CDATA[Cell(1)Sum——————>55]]>
    </line>
  </reporter-output>
  <suite name="Suite" duration-ms="17855" started-at="2017-03-31T07:15:29Z" finished-at="2017-03-31T07:15:47Z">
    <groups>
    </groups>
    <test name="Test" duration-ms="17855" started-at="2017-03-31T07:15:29Z" finished-at="2017-03-31T07:15:47Z">
      <class name="testng.TestTable">
        <test-method status="PASS" signature="openChrome()[pri:0, instance:testng.TestTable@3a03464]" name="openChrome" is-config="true" duration-ms="2276" started-at="2017-03-31T15:15:29Z" finished-at="2017-03-31T15:15:31Z">
          <reporter-output>
          </reporter-output>
        </test-method> <!-- openChrome -->
        <test-method status="PASS" signature="openUrl()[pri:0, instance:testng.TestTable@3a03464]" name="openUrl" duration-ms="5990" started-at="2017-03-31T15:15:31Z" finished-at="2017-03-31T15:15:37Z">
          <reporter-output>
          </reporter-output>
        </test-method> <!-- openUrl -->
        <test-method status="PASS" signature="findTable()[pri:0, instance:testng.TestTable@3a03464]" name="findTable" duration-ms="2028" started-at="2017-03-31T15:15:37Z" finished-at="2017-03-31T15:15:39Z">
          <reporter-output>
          </reporter-output>
        </test-method> <!-- findTable -->
        <test-method status="PASS" signature="printTableRowCount()[pri:0, instance:testng.TestTable@3a03464]" name="printTableRowCount" duration-ms="2067" started-at="2017-03-31T15:15:39Z" finished-at="2017-03-31T15:15:41Z">
          <reporter-output>
            <line>
              <![CDATA[expected row count is10, actual row count is:10]]>
            </line>
          </reporter-output>
        </test-method> <!-- printTableRowCount -->
        <test-method status="PASS" signature="printTableCellData()[pri:0, instance:testng.TestTable@3a03464]" name="printTableCellData" duration-ms="2056" started-at="2017-03-31T15:15:41Z" finished-at="2017-03-31T15:15:43Z">
          <reporter-output>
            <line>
              <![CDATA[table[2,2]——————>name3]]>
            </line>
          </reporter-output>
        </test-method> <!-- printTableCellData -->
        <test-method status="PASS" signature="printTableCellSum()[pri:0, instance:testng.TestTable@3a03464]" name="printTableCellSum" duration-ms="2584" started-at="2017-03-31T15:15:43Z" finished-at="2017-03-31T15:15:46Z">
          <reporter-output>
            <line>
              <![CDATA[Cell(1)Sum——————>55]]>
            </line>
          </reporter-output>
        </test-method> <!-- printTableCellSum -->
        <test-method status="PASS" signature="closeChrome()[pri:0, instance:testng.TestTable@3a03464]" name="closeChrome" is-config="true" duration-ms="835" started-at="2017-03-31T15:15:46Z" finished-at="2017-03-31T15:15:47Z">
          <reporter-output>
          </reporter-output>
        </test-method> <!-- closeChrome -->
      </class> <!-- testng.TestTable -->
    </test> <!-- Test -->
  </suite> <!-- Suite -->
</testng-results>
